<?xml version="1.0" encoding="UTF-8"?>
<!-- Generated by org.testng.reporters.JUnitReportReporter -->
<testsuite skipped="0" hostname="DESKTOP-LQ844T8" name="TestingApps.Test1" tests="1" failures="0" timestamp="13 Jul 2017 23:48:10 GMT" time="4.200" errors="0">
  <testcase name="openBrowser" time="4.200" classname="TestingApps.Test1"/>
</testsuite> <!-- TestingApps.Test1 -->
