<?xml version="1.0" encoding="UTF-8"?>
<!-- Generated by org.testng.reporters.JUnitReportReporter -->
<testsuite skipped="0" hostname="DESKTOP-LQ844T8" name="First.program.Sample1" tests="1" failures="0" timestamp="19 Jul 2017 03:35:19 GMT" time="9.282" errors="0">
  <testcase name="fbApp" time="9.282" classname="First.program.Sample1"/>
</testsuite> <!-- First.program.Sample1 -->
