<?xml version="1.0" encoding="UTF-8"?>
<!-- Generated by org.testng.reporters.JUnitReportReporter -->
<testsuite skipped="0" hostname="DESKTOP-LQ844T8" name="First.program.Sample2" tests="2" failures="0" timestamp="19 Jul 2017 03:35:19 GMT" time="18.271" errors="0">
  <testcase name="fbApp" time="8.989" classname="First.program.Sample2"/>
  <testcase name="fbApp" time="9.282" classname="First.program.Sample2"/>
</testsuite> <!-- First.program.Sample2 -->
