<?xml version="1.0" encoding="UTF-8"?>
<!-- Generated by org.testng.reporters.JUnitReportReporter -->
<testsuite skipped="0" hostname="DESKTOP-LQ844T8" name="First.program.Sample1" tests="1" failures="0" timestamp="19 Jul 2017 00:43:11 GMT" time="8.754" errors="0">
  <testcase name="FbApp" time="8.754" classname="First.program.Sample1"/>
</testsuite> <!-- First.program.Sample1 -->
