<?xml version="1.0" encoding="UTF-8"?>
<!-- Generated by org.testng.reporters.JUnitReportReporter -->
<testsuite skipped="0" hostname="DESKTOP-LQ844T8" name="TestingApps.Test1" tests="1" failures="0" timestamp="18 Jul 2017 01:22:11 GMT" time="6.435" errors="0">
  <testcase name="openBrowser" time="6.435" classname="TestingApps.Test1"/>
</testsuite> <!-- TestingApps.Test1 -->
