<?xml version="1.0" encoding="UTF-8"?>
<!-- Generated by org.testng.reporters.JUnitReportReporter -->
<testsuite skipped="0" hostname="DESKTOP-LQ844T8" name="Login.CheckingFb" tests="1" failures="0" timestamp="17 Jul 2017 17:47:45 GMT" time="0.015" errors="0">
  <testcase name="sub" time="0.015" classname="Login.CheckingFb"/>
</testsuite> <!-- Login.CheckingFb -->
