<?xml version="1.0" encoding="UTF-8"?>
<!-- Generated by org.testng.reporters.JUnitReportReporter -->
<testsuite skipped="0" hostname="DESKTOP-LQ844T8" name="Login.OpenBrowser" tests="1" failures="0" timestamp="15 Jul 2017 00:06:38 GMT" time="11.431" errors="0">
  <testcase name="open" time="11.431" classname="Login.OpenBrowser"/>
</testsuite> <!-- Login.OpenBrowser -->
