<?xml version="1.0" encoding="UTF-8"?>
<!-- Generated by org.testng.reporters.JUnitReportReporter -->
<testsuite skipped="0" hostname="DESKTOP-LQ844T8" name="Selenium.Application" tests="1" failures="0" timestamp="17 Jul 2017 22:46:18 GMT" time="8.768" errors="0">
  <testcase name="openBrowser" time="8.768" classname="Selenium.Application"/>
</testsuite> <!-- Selenium.Application -->
