<?xml version="1.0" encoding="UTF-8"?>
<!-- Generated by org.testng.reporters.JUnitReportReporter -->
<testsuite skipped="0" hostname="DESKTOP-LQ844T8" name="Selenium.Grouping" tests="3" failures="0" timestamp="18 Jul 2017 01:57:14 GMT" time="0.019" errors="0">
  <testcase name="one" time="0.016" classname="Selenium.Grouping"/>
  <testcase name="two" time="0.003" classname="Selenium.Grouping"/>
  <testcase name="three" time="0.000" classname="Selenium.Grouping"/>
</testsuite> <!-- Selenium.Grouping -->
