<?xml version="1.0" encoding="UTF-8"?>
<!-- Generated by org.testng.reporters.JUnitReportReporter -->
<testsuite skipped="0" hostname="DESKTOP-LQ844T8" name="Selenium.Hai" tests="1" failures="0" timestamp="13 Jul 2017 21:11:49 GMT" time="0.000" errors="0">
  <testcase name="Two" time="0.000" classname="Selenium.Hai"/>
</testsuite> <!-- Selenium.Hai -->
