<?xml version="1.0" encoding="UTF-8"?>
<!-- Generated by org.testng.reporters.JUnitReportReporter -->
<testsuite skipped="0" hostname="DESKTOP-LQ844T8" name="Selenium.Add" tests="1" failures="0" timestamp="17 Jul 2017 23:11:33 GMT" time="0.015" errors="0">
  <testcase name="sub" time="0.015" classname="Selenium.Add"/>
</testsuite> <!-- Selenium.Add -->
