<?xml version="1.0" encoding="UTF-8"?>
<!-- Generated by org.testng.reporters.JUnitReportReporter -->
<testsuite skipped="0" hostname="DESKTOP-LQ844T8" name="Selenium.Application" tests="1" failures="0" timestamp="13 Jul 2017 21:07:38 GMT" time="4.658" errors="0">
  <testcase name="openBrowser" time="4.658" classname="Selenium.Application"/>
</testsuite> <!-- Selenium.Application -->
