<?xml version="1.0" encoding="UTF-8"?>
<!-- Generated by org.testng.reporters.JUnitReportReporter -->
<testsuite skipped="0" hostname="DESKTOP-LQ844T8" name="Selenium.SuiteExample" tests="1" failures="0" timestamp="17 Jul 2017 23:05:31 GMT" time="0.000" errors="0">
  <testcase name="add" time="0.000" classname="Selenium.SuiteExample"/>
</testsuite> <!-- Selenium.SuiteExample -->
