<?xml version="1.0" encoding="UTF-8"?>
<!-- Generated by org.testng.reporters.JUnitReportReporter -->
<testsuite skipped="0" hostname="DESKTOP-LQ844T8" name="Selenium.TestNG" tests="1" failures="0" timestamp="13 Jul 2017 22:28:53 GMT" time="3.835" errors="0">
  <testcase name="closeBrowser" time="3.835" classname="Selenium.TestNG"/>
</testsuite> <!-- Selenium.TestNG -->
